Arguments: 
  /home/spencer/.nvm/versions/node/v8.9.4/bin/node /home/spencer/.yarn/bin/yarn.js start

PATH: 
  /home/spencer/.yarn/bin:/home/spencer/.config/yarn/global/node_modules/.bin:/home/spencer/anaconda3/bin:/home/spencer/.nvm/versions/node/v8.9.4/bin:/usr/local/sbin:/usr/local/bin:/usr/sbin:/usr/bin:/sbin:/bin:/usr/games:/usr/local/games:/snap/bin:/home/spencer/bin:/home/spencer/code/coding-programs/jdk1.8.0_141/bin:~/bin

Yarn version: 
  1.5.1

Node version: 
  8.9.4

Platform: 
  linux x64

npm manifest: 
  {
    "name": "phaser-multi",
    "version": "1.0.0",
    "description": "",
    "main": "index.js",
    "scripts": {
      "test": "echo \"Error: no test specified\" && exit 1"
    },
    "author": "",
    "license": "ISC",
    "dependencies": {
      "express": "^4.16.3",
      "socket.io": "^2.1.1"
    }
  }

yarn manifest: 
  No manifest

Lockfile: 
  No lockfile

Trace: 
  Error: Command "start" not found.
      at new MessageError (/home/spencer/.yarn/lib/cli.js:186:110)
      at /home/spencer/.yarn/lib/cli.js:87307:17
      at Generator.next (<anonymous>)
      at step (/home/spencer/.yarn/lib/cli.js:98:30)
      at /home/spencer/.yarn/lib/cli.js:116:14
      at new Promise (<anonymous>)
      at new F (/home/spencer/.yarn/lib/cli.js:23451:28)
      at /home/spencer/.yarn/lib/cli.js:95:12
      at runCommand (/home/spencer/.yarn/lib/cli.js:87312:22)
      at Object.<anonymous> (/home/spencer/.yarn/lib/cli.js:87412:14)
